<?xml version="1.0" encoding="UTF-8"?>
<!-- Generated by org.testng.reporters.JUnitReportReporter -->
<testsuite hostname="LAPTOP-QCSBJUUB" failures="0" tests="1" name="com.QALegendBilling.testscript.ResetTest" time="8.297" errors="0" timestamp="2023-09-02T23:01:05 IST" skipped="0">
  <testcase classname="com.QALegendBilling.testscript.ResetTest" name="TC_004_errorMessage_Displayed_onthe_Reset_passwordPage_with_InavlidemailID" time="8.297"/>
  <system-out/>
</testsuite> <!-- com.QALegendBilling.testscript.ResetTest -->
