<?xml version="1.0" encoding="UTF-8"?>
<!-- Generated by org.testng.reporters.JUnitReportReporter -->
<testsuite hostname="LAPTOP-QCSBJUUB" failures="0" tests="1" name="com.QALegendBilling.testscript.UsersTest" time="13.123" errors="0" timestamp="2023-09-06T08:47:36 IST" skipped="0">
  <testcase classname="com.QALegendBilling.testscript.UsersTest" name="TC_006_verifyAddUserDetails" time="13.123"/>
  <system-out/>
</testsuite> <!-- com.QALegendBilling.testscript.UsersTest -->
