<?xml version="1.0" encoding="UTF-8"?>
<!-- Generated by org.testng.reporters.JUnitReportReporter -->
<testsuite hostname="LAPTOP-QCSBJUUB" failures="0" tests="1" name="com.QALegendBilling.testscript.LoginTest" time="6.399" errors="0" timestamp="2023-09-06T08:47:36 IST" skipped="0">
  <testcase classname="com.QALegendBilling.testscript.LoginTest" name="TC_001_verifyValidLogin" time="6.399"/>
  <system-out/>
</testsuite> <!-- com.QALegendBilling.testscript.LoginTest -->
