<?xml version="1.0" encoding="UTF-8"?>
<!-- Generated by org.testng.reporters.JUnitReportReporter -->
<testsuite hostname="LAPTOP-QCSBJUUB" failures="0" tests="1" name="com.QALegendBilling.testscript.RoleTest" time="10.298" errors="0" timestamp="2023-09-04T08:11:38 IST" skipped="0">
  <testcase classname="com.QALegendBilling.testscript.RoleTest" name="TC_005_verifyRoleSearch" time="10.298"/>
  <system-out/>
</testsuite> <!-- com.QALegendBilling.testscript.RoleTest -->
