<?xml version="1.0" encoding="UTF-8"?>
<!-- Generated by org.testng.reporters.JUnitReportReporter -->
<testsuite hostname="LAPTOP-QCSBJUUB" failures="0" tests="1" name="com.QALegendBilling.testscript.EditUserTest" time="20.361" errors="0" timestamp="2023-09-06T08:20:51 IST" skipped="0">
  <testcase classname="com.QALegendBilling.testscript.EditUserTest" name="TC_009_verifyEditPageTab" time="20.361"/>
  <system-out/>
</testsuite> <!-- com.QALegendBilling.testscript.EditUserTest -->
