<?xml version="1.0" encoding="UTF-8"?>
<!-- Generated by org.testng.reporters.JUnitReportReporter -->
<testsuite hostname="LAPTOP-QCSBJUUB" failures="0" tests="1" name="com.QALegendBilling.testscript.UserManagementTest" time="7.949" errors="0" timestamp="2023-09-05T08:37:08 IST" skipped="0">
  <testcase classname="com.QALegendBilling.testscript.UserManagementTest" name="TC_007_verifyUserManagementTabsAreDisplayed" time="7.949"/>
  <system-out/>
</testsuite> <!-- com.QALegendBilling.testscript.UserManagementTest -->
