<?xml version="1.0" encoding="UTF-8"?>
<!-- Generated by org.testng.reporters.JUnitReportReporter -->
<testsuite hostname="LAPTOP-QCSBJUUB" failures="0" tests="1" name="com.QALegendBilling.testscript.DeleteUserTest" time="17.220" errors="0" timestamp="2023-09-05T08:17:19 IST" skipped="0">
  <testcase classname="com.QALegendBilling.testscript.DeleteUserTest" name="TC_008_verifyDeleteUserTab" time="17.220"/>
  <system-out/>
</testsuite> <!-- com.QALegendBilling.testscript.DeleteUserTest -->
