<?xml version="1.0" encoding="UTF-8"?>
<!-- Generated by org.testng.reporters.JUnitReportReporter -->
<testsuite hostname="LAPTOP-QCSBJUUB" failures="0" tests="1" name="com.QALegendBilling.testscript.SignoutTest" time="7.154" errors="0" timestamp="2023-09-06T16:10:44 IST" skipped="0">
  <testcase classname="com.QALegendBilling.testscript.SignoutTest" name="TC_003_verifyuser_isNavigate_to_LoginPage_by_clicking_signout" time="7.154"/>
  <system-out/>
</testsuite> <!-- com.QALegendBilling.testscript.SignoutTest -->
